00df94de-3958-4d67-a10f-8bdfdf24e851 bpinsard@elm.criugm.qc.ca:/scratch/tmp/tmp5wgtgvr8 timestamp=1710944284s
0b439e7a-1bf2-41a1-b159-f804e8775963 bpinsard@elm.criugm.qc.ca:/scratch/tmp/cneuromod.all/retinotopy/bids timestamp=1749754109s
0ca0321f-c6a9-4a6d-b946-7fba49a81cc7 bpinsard@elm.criugm.qc.ca:/scratch/tmp/tmpvzw943_m timestamp=1710944284s
0d8403bc-3f99-4474-85b6-b77047e751a3 bpinsard@elm.criugm.qc.ca:/scratch/tmp/cneuromod/retinotopy timestamp=1704986301s
0ec4fe4b-bd63-4201-b0cf-0a87fde84304 bpinsard@elm.criugm.qc.ca:/scratch/tmp/tmpcppwx53b timestamp=1710944284s
184c1232-39f7-441b-816e-1850b2428058 bpinsard@elm.criugm.qc.ca:/scratch/tmp/tmp3jaesfs3 timestamp=1710944284s
325c2d00-8402-4b62-8783-38e3cac126fc bpinsard@elm.criugm.qc.ca:/scratch/tmp/tmprp3jnb4p timestamp=1710944284s
4f7e8aab-db60-4713-b257-25d9afd6e573 bpinsard@elm.criugm.qc.ca:/data/neuromod/DATA/cneuromod/retinotopy timestamp=1112911994s
74ce4103-cd9f-4198-a7f6-e8c8992c409e s3unf.cneuromod.retinotopy.mri.sensitive timestamp=1626973545.907149956s
7c69b1c0-3ef9-4ac1-8c12-d651585d06e2 conp-ria-storage timestamp=1705438012s
7cb5f658-dc6a-4793-a113-b924cfce043d bpinsard@elm.criugm.qc.ca:/scratch/tmp/conp_rel/retinotopy timestamp=1749754109s
81c2325d-07fc-44ce-a95d-13cc56d77084 s3unf.cneuromod.retinotopy.mri timestamp=1626973535.645315187s
93b6424e-3b26-4288-97ea-0a27ddc31e77 basile@blob-XPS-9320:~/data/tests/retinotopy timestamp=1736458539s
a982bde4-e4fe-43e3-b726-e16e91ede741 ria-beluga-storage timestamp=1627401579s
b0f5dba3-5dbc-4a45-9d22-3113c9926372 bpinsard@elm.criugm.qc.ca:/scratch/tmp/cneuromod-things/retinotopy/fmriprep/sourcedata/retinotopy timestamp=1749130842s
be2d3c5f-fe94-48e5-9bfa-a202cee1a3b6 mstlaure@beluga3.int.ets1.calculquebec.ca:/lustre04/scratch/mstlaure/tests/cneuromod-things/retinotopy/fmriprep/sourcedata/retinotopy timestamp=1631321213s
d1cc6842-1648-426c-937f-f4d62c4254d1 bpinsard@elm.criugm.qc.ca:/scratch/tmp/cneuromod.retinotopy.raw timestamp=1710942641.059368199s
ec6228e7-6d5a-4ed4-a232-c4f65ea7e5fa bpinsard@elm.criugm.qc.ca:/scratch/tmp/tmp3o31f1le timestamp=1710944284s
ef6fe0f0-afb7-409b-9a6e-b49e79999996 ria-sequoia-storage timestamp=1653077855s
fa14b022-5f05-4f52-800b-623ec3934d36 bpinsard@elm.criugm.qc.ca:/scratch/tmp/cneuromod.retinotopy.raw timestamp=1631321213s
